<?xml version="1.0" encoding="UTF-8"?>
<!-- Generated by org.testng.reporters.JUnitReportReporter -->
<testsuite hostname="LAPTOP-0OGMJ3E4" failures="0" tests="2" name="myproject.completeQuiz.CertificateISTQB" time="99.891" errors="0" timestamp="2021-09-14T20:53:21 IST" skipped="0">
  <testcase classname="myproject.completeQuiz.CertificateISTQB" name="navigationPage" time="84.628"/>
  <system-out/>
  <testcase classname="myproject.completeQuiz.CertificateISTQB" name="seeCertificate" time="15.263"/>
  <system-out/>
</testsuite> <!-- myproject.completeQuiz.CertificateISTQB -->
