<?xml version="1.0" encoding="UTF-8"?>
<!-- Generated by org.testng.reporters.JUnitReportReporter -->
<testsuite hostname="LAPTOP-0OGMJ3E4" failures="0" tests="2" name="myproject.completeQuiz.BadgesEarned" time="91.245" errors="0" timestamp="2021-09-14T20:53:21 IST" skipped="0">
  <testcase classname="myproject.completeQuiz.BadgesEarned" name="navigationPage" time="85.156"/>
  <system-out/>
  <testcase classname="myproject.completeQuiz.BadgesEarned" name="seeBadge" time="6.089"/>
  <system-out/>
</testsuite> <!-- myproject.completeQuiz.BadgesEarned -->
