<?xml version="1.0" encoding="UTF-8"?>
<!-- Generated by org.testng.reporters.JUnitReportReporter -->
<testsuite hostname="LAPTOP-0OGMJ3E4" failures="0" tests="3" name="myproject.completeQuiz.QualicoachHome" time="95.283" errors="0" timestamp="2021-09-14T20:53:21 IST" skipped="0">
  <testcase classname="myproject.completeQuiz.QualicoachHome" name="selectCourse" time="6.312"/>
  <system-out/>
  <testcase classname="myproject.completeQuiz.QualicoachHome" name="navigationPage" time="85.534"/>
  <system-out/>
  <testcase classname="myproject.completeQuiz.QualicoachHome" name="Quizmodule" time="3.437"/>
  <system-out/>
</testsuite> <!-- myproject.completeQuiz.QualicoachHome -->
